
Imported - Widgets {"wp_inactive_widgets":[],"sidebar-1":["block-2","block-3","block-4","block-5","block-6","search-1","recent-posts-1","recent-comments-1","archives-1","categories-1","meta-1"],"header-widget":[],"footer-widget-1":["text-1"],"footer-widget-2":["text-2"],"advanced-footer-widget-1":[],"advanced-footer-widget-2":[],"advanced-footer-widget-3":[],"advanced-footer-widget-4":[],"array_version":3,"footer-widget-3":["nav_menu-1"],"footer-widget-4":["nav_menu-2"]}
Imported - Widgets {"wp_inactive_widgets":[],"sidebar-1":["block-2","block-3","block-4","block-5","block-6","search-1","recent-posts-1","recent-comments-1","archives-1","categories-1","meta-1"],"header-widget":[],"footer-widget-1":["text-1"],"footer-widget-2":["text-2"],"advanced-footer-widget-1":[],"advanced-footer-widget-2":[],"advanced-footer-widget-3":[],"advanced-footer-widget-4":[],"array_version":3,"footer-widget-3":["nav_menu-1"],"footer-widget-4":["nav_menu-2"]}
Importing from XML https://websitedemos.net/wp-content/uploads/astra-sites/678/wxr.xml
Importing from XML https://websitedemos.net/wp-content/uploads/astra-sites/678/wxr.xml
{"post_title":"wxr.xml","guid":"http:\/\/localhost\/shop.com\/wp-content\/uploads\/2022\/02\/wxr-1.xml","post_mime_type":"text\/xml"}
{"success":true,"data":{"file":"C:\\xampp\\htdocs\\shop.com\/wp-content\/uploads\/2022\/02\/wxr-1.xml","url":"http:\/\/localhost\/shop.com\/wp-content\/uploads\/2022\/02\/wxr-1.xml","type":"text\/xml"}}
{"post_title":"wxr.xml","guid":"http:\/\/localhost\/shop.com\/wp-content\/uploads\/2022\/02\/wxr-2.xml","post_mime_type":"text\/xml"}
{"success":true,"data":{"file":"C:\\xampp\\htdocs\\shop.com\/wp-content\/uploads\/2022\/02\/wxr-2.xml","url":"http:\/\/localhost\/shop.com\/wp-content\/uploads\/2022\/02\/wxr-2.xml","type":"text\/xml"}}
4086
4087
Deleted Temporary WXR file 4087
Option `astra_sites_imported_wxr_id` Deleted.
Batch Process Started..
Starter Templates - Importing Images for Blog name 'اونلاين' (1)
Batch Process Started..
Starter Templates - Importing Images for Blog name 'اونلاين' (1)
Inserted - Post 4088 - attachment - product11-free-img
---- Processing Images from Widgets -----
---- Processing Contact Form Mapping from Text Widgets -----
---- Processing WordPress Posts / Pages - for "Gutenberg" ----
---- Processing Images from Widgets -----
---- Processing Contact Form Mapping from Text Widgets -----
---- Processing WordPress Posts / Pages - for "Gutenberg" ----
---- Processing WordPress Page - for Gutenberg ---- "4049"
---- Processing WordPress Page - for Gutenberg ---- "3614"
---- Processing WordPress Page - for Gutenberg ---- "4048"
---- Processing WordPress Page - for Gutenberg ---- "4048"
---- Processing WordPress Page - for Gutenberg ---- "3612"
---- Processing WordPress Page - for Gutenberg ---- "4047"
---- Processing WordPress Page - for Gutenberg ---- "3610"
---- Processing WordPress Page - for Gutenberg ---- "3610"
---- Processing WordPress Page - for Gutenberg ---- "4046"
---- Processing WordPress Page - for Gutenberg ---- "4046"
---- Processing WordPress Page - for Gutenberg ---- "4045"
---- Processing WordPress Page - for Gutenberg ---- "4045"
---- Processing WordPress Page - for Gutenberg ---- "4044"
---- Processing WordPress Page - for Gutenberg ---- "4044"
---- Processing WordPress Page - for Gutenberg ---- "4043"
---- Processing WordPress Page - for Gutenberg ---- "4043"
---- Processing WordPress Page - for Gutenberg ---- "3607"
---- Processing WordPress Page - for Gutenberg ---- "3607"
---- Processing WordPress Page - for Gutenberg ---- "3606"
---- Processing WordPress Page - for Gutenberg ---- "3606"
---- Processing WordPress Page - for Gutenberg ---- "3605"
---- Processing WordPress Page - for Gutenberg ---- "3605"
---- Processing WordPress Page - for Gutenberg ---- "3604"
---- Processing WordPress Page - for Gutenberg ---- "3604"
---- Processing Images Metadata ----
---- Processing batch process for Customizer start ----
---- Processing Images Metadata ----
---- Processing batch process for Customizer done -----
---- Processing batch process for Customizer done ----
---- Processing Images from Widgets -----
---- Processing Contact Form Mapping from Text Widgets -----
---- Processing WordPress Posts / Pages - for "Gutenberg" ----
---- Processing WordPress Page - for Gutenberg ---- "4049"
---- Processing Images from Widgets -----
---- Processing Contact Form Mapping from Text Widgets -----
---- Processing WordPress Posts / Pages - for "Gutenberg" ----
---- Processing WordPress Page - for Gutenberg ---- "4049"
---- Processing WordPress Page - for Gutenberg ---- "3614"
---- Processing WordPress Page - for Gutenberg ---- "4048"
---- Processing WordPress Page - for Gutenberg ---- "3612"
---- Processing WordPress Page - for Gutenberg ---- "3612"
---- Processing WordPress Page - for Gutenberg ---- "4047"
---- Processing WordPress Page - for Gutenberg ---- "3610"
---- Processing WordPress Page - for Gutenberg ---- "4046"
---- Processing WordPress Page - for Gutenberg ---- "4045"
---- Processing WordPress Page - for Gutenberg ---- "4045"
---- Processing WordPress Page - for Gutenberg ---- "4044"
---- Processing WordPress Page - for Gutenberg ---- "4044"
---- Processing WordPress Page - for Gutenberg ---- "4043"
---- Processing WordPress Page - for Gutenberg ---- "4043"
---- Processing WordPress Page - for Gutenberg ---- "3607"
---- Processing WordPress Page - for Gutenberg ---- "3607"
---- Processing WordPress Page - for Gutenberg ---- "3606"
---- Processing WordPress Page - for Gutenberg ---- "3606"
---- Processing WordPress Page - for Gutenberg ---- "3605"
---- Processing WordPress Page - for Gutenberg ---- "3605"
---- Processing WordPress Page - for Gutenberg ---- "3604"
---- Processing WordPress Page - for Gutenberg ---- "3604"
---- Processing MISC ----
---- Processing Images Metadata ----
---- Processing batch process for Customizer start ----
---- Processing MISC ----
---- Processing batch process for Customizer done ----
---- Processing batch process for Customizer start ----
---- Processing batch process for Customizer done ----
Batch Process Complete!
Batch Process Complete!